<?xml version="1.0" encoding="UTF-8"?>
<testng-results skipped="0" failed="0" ignored="0" total="1" passed="1">
  <reporter-output>
  </reporter-output>
  <suite name="Command line suite" duration-ms="22885" started-at="2020-02-05T13:57:23 WAT" finished-at="2020-02-05T13:57:46 WAT">
    <groups>
    </groups>
    <test name="Command line test" duration-ms="22885" started-at="2020-02-05T13:57:23 WAT" finished-at="2020-02-05T13:57:46 WAT">
      <class name="Runner.netpayTestPayment">
        <test-method status="PASS" signature="setDriver()[pri:0, instance:Runner.netpayTestPayment@c818063]" name="setDriver" is-config="true" duration-ms="3598" started-at="2020-02-05T13:57:23 WAT" finished-at="2020-02-05T13:57:27 WAT">
          <reporter-output>
          </reporter-output>
        </test-method> <!-- setDriver -->
        <test-method status="PASS" signature="inputCardTest()[pri:0, instance:Runner.netpayTestPayment@c818063]" name="inputCardTest" duration-ms="18620" started-at="2020-02-05T13:57:27 WAT" finished-at="2020-02-05T13:57:45 WAT">
          <reporter-output>
          </reporter-output>
        </test-method> <!-- inputCardTest -->
        <test-method status="PASS" signature="closeDriver()[pri:0, instance:Runner.netpayTestPayment@c818063]" name="closeDriver" is-config="true" duration-ms="635" started-at="2020-02-05T13:57:45 WAT" finished-at="2020-02-05T13:57:46 WAT">
          <reporter-output>
          </reporter-output>
        </test-method> <!-- closeDriver -->
      </class> <!-- Runner.netpayTestPayment -->
    </test> <!-- Command line test -->
  </suite> <!-- Command line suite -->
</testng-results>
